<?xml version="1.0" encoding="UTF-8"?>
<!-- Generated by org.testng.reporters.JUnitXMLReporter -->
<testsuite ignored="0" hostname="HYDL-001259A" failures="0" tests="3" name="Test" time="6.207" errors="0" timestamp="2025-07-29T11:18:35 IST">
  <testcase classname="restassured.gorestapi.client.GetUsers" name="getUserList" time="2.691"/>
  <testcase classname="restassured.gorestapi.client.GetUser" name="getUserDetails" time="2.217"/>
  <testcase classname="restassured.gorestapi.client.CreateUser" name="creatNewUser" time="1.049"/>
</testsuite> <!-- Test -->
