<?xml version="1.0" encoding="UTF-8"?>
<!-- Generated by org.testng.reporters.JUnitXMLReporter -->
<testsuite ignored="3" hostname="HYDL-001259A" failures="0" tests="4" name="Test" time="6.006" errors="0" timestamp="2025-07-29T12:25:13 IST">
  <testcase classname="restassured.gorestapi.client.GetUsers" name="getUserList" time="1.94"/>
  <testcase classname="restassured.gorestapi.client.GetUser" name="getUserDetails" time="2.302"/>
  <testcase classname="restassured.gorestapi.client.CreateUser" name="creatNewUser" time="0.725"/>
  <testcase classname="restassured.gorestapi.client.UpdateUser" name="updateUserDetails" time="1.007"/>
  <testcase classname="restassured.gorestapi.BaseAPI" name="@BeforeSuite setUpBaseUrl" time="0.0">
    <ignored/>
  </testcase> <!-- @BeforeSuite setUpBaseUrl -->
  <testcase classname="restassured.gorestapi.BaseAPI" name="@BeforeSuite setUpBaseUrl" time="0.0">
    <ignored/>
  </testcase> <!-- @BeforeSuite setUpBaseUrl -->
  <testcase classname="restassured.gorestapi.BaseAPI" name="@BeforeSuite setUpBaseUrl" time="0.0">
    <ignored/>
  </testcase> <!-- @BeforeSuite setUpBaseUrl -->
</testsuite> <!-- Test -->
